<?xml version="1.0" encoding="UTF-8"?>
<testsuite xmlns:xsi="http://www.w3.org/2001/XMLSchema-instance" xsi:noNamespaceSchemaLocation="https://maven.apache.org/surefire/maven-surefire-plugin/xsd/surefire-test-report-3.0.xsd" version="3.0" name="com.uniquindio.automation.CucumberTest" time="2.443" tests="11" errors="0" skipped="0" failures="0">
  <properties>
[...]
</properties>
  <testcase name="Registrar un nuevo usuario" classname="Gestión de usuarios (registro, login y administración)" time="1.34">
    <system-out><![CDATA[
Escenario: Registrar un nuevo usuario                             &amp#27;[90m# features/usuarios.feature:45&amp#27;[0m
  &amp#27;[32mDado &amp#27;[0m&amp#27;[32mque el servicio está disponible&amp#27;[0m                            &amp#27;[90m# com.uniquindio.automation.steps.UsuarioSteps.servicioDisponible()&amp#27;[0m
  &amp#27;[32mCuando &amp#27;[0m&amp#27;[32mregistro un usuario con datos válidos&amp#27;[0m                    &amp#27;[90m# com.uniquindio.automation.steps.UsuarioSteps.registroUsuarioValido()&amp#27;[0m
  &amp#27;[32mEntonces &amp#27;[0m&amp#27;[32mla respuesta debe tener estado &amp#27;[0m&amp#27;[32m&amp#27;[1m201&amp#27;[0m                     &amp#27;[90m# com.uniquindio.automation.steps.UsuarioSteps.validarEstado(int)&amp#27;[0m
  &amp#27;[32mY &amp#27;[0m&amp#27;[32mel cuerpo debe indicar éxito&amp#27;[0m                                  &amp#27;[90m# com.uniquindio.automation.steps.UsuarioSteps.cuerpoIndicaExito()&amp#27;[0m
  &amp#27;[32mY &amp#27;[0m&amp#27;[32mel cuerpo cumple el esquema &amp#27;[0m&amp#27;[32m&amp#27;[1m"schemas/message_dto.schema.json"&amp#27;[0m &amp#27;[90m# com.uniquindio.automation.steps.UsuarioSteps.cuerpoCumpleEsquema(java.lang.String)&amp#27;[0m
]]></system-out>
    <system-err><![CDATA[SLF4J: Failed to load class "org.slf4j.impl.StaticLoggerBinder".
SLF4J: Defaulting to no-operation (NOP) logger implementation
SLF4J: See http://www.slf4j.org/codes.html#StaticLoggerBinder for further details.
]]></system-err>
  </testcase>
  <testcase name="Iniciar sesión con credenciales válidas" classname="Gestión de usuarios (registro, login y administración)" time="0.361">
    <system-out><![CDATA[
Escenario: Iniciar sesión con credenciales válidas                   &amp#27;[90m# features/usuarios.feature:62&amp#27;[0m
  &amp#27;[32mDado &amp#27;[0m&amp#27;[32mque el servicio está disponible&amp#27;[0m                               &amp#27;[90m# com.uniquindio.automation.steps.UsuarioSteps.servicioDisponible()&amp#27;[0m
  &amp#27;[32mDado &amp#27;[0m&amp#27;[32mque existe un usuario registrado válido&amp#27;[0m                       &amp#27;[90m# com.uniquindio.automation.steps.UsuarioSteps.existeUsuarioValido()&amp#27;[0m
  &amp#27;[32mCuando &amp#27;[0m&amp#27;[32minicio sesión con credenciales correctas&amp#27;[0m                    &amp#27;[90m# com.uniquindio.automation.steps.UsuarioSteps.loginConCredencialesCorrectas()&amp#27;[0m
  &amp#27;[32mEntonces &amp#27;[0m&amp#27;[32mla respuesta debe tener estado &amp#27;[0m&amp#27;[32m&amp#27;[1m200&amp#27;[0m                        &amp#27;[90m# com.uniquindio.automation.steps.UsuarioSteps.validarEstado(int)&amp#27;[0m
  &amp#27;[32mY &amp#27;[0m&amp#27;[32mdebo obtener un token JWT válido&amp#27;[0m                                 &amp#27;[90m# com.uniquindio.automation.steps.UsuarioSteps.deboObtenerTokenValido()&amp#27;[0m
  &amp#27;[32mY &amp#27;[0m&amp#27;[32mel cuerpo cumple el esquema &amp#27;[0m&amp#27;[32m&amp#27;[1m"schemas/token_response.schema.json"&amp#27;[0m &amp#27;[90m# com.uniquindio.automation.steps.UsuarioSteps.cuerpoCumpleEsquema(java.lang.String)&amp#27;[0m
]]></system-out>
  </testcase>
  <testcase name="Solicitar código de recuperación de contraseña" classname="Gestión de usuarios (registro, login y administración)" time="0.051">
    <system-out><![CDATA[
Escenario: Solicitar código de recuperación de contraseña &amp#27;[90m# features/usuarios.feature:81&amp#27;[0m
  &amp#27;[32mDado &amp#27;[0m&amp#27;[32mque el servicio está disponible&amp#27;[0m                    &amp#27;[90m# com.uniquindio.automation.steps.UsuarioSteps.servicioDisponible()&amp#27;[0m
  &amp#27;[32mDado &amp#27;[0m&amp#27;[32mque existe un usuario registrado válido&amp#27;[0m            &amp#27;[90m# com.uniquindio.automation.steps.UsuarioSteps.existeUsuarioValido()&amp#27;[0m
  &amp#27;[32mCuando &amp#27;[0m&amp#27;[32msolicito código de recuperación para ese usuario&amp#27;[0m &amp#27;[90m# com.uniquindio.automation.steps.UsuarioSteps.solicitarCodigoRecuperacion()&amp#27;[0m
  &amp#27;[32mEntonces &amp#27;[0m&amp#27;[32mla respuesta debe tener estado &amp#27;[0m&amp#27;[32m&amp#27;[1m200&amp#27;[0m             &amp#27;[90m# com.uniquindio.automation.steps.UsuarioSteps.validarEstado(int)&amp#27;[0m
]]></system-out>
  </testcase>
  <testcase name="Listar usuarios con token de admin" classname="Gestión de usuarios (registro, login y administración)" time="0.108">
    <system-out><![CDATA[
@admin
Escenario: Listar usuarios con token de admin                       &amp#27;[90m# features/usuarios.feature:96&amp#27;[0m
  &amp#27;[32mDado &amp#27;[0m&amp#27;[32mque el servicio está disponible&amp#27;[0m                              &amp#27;[90m# com.uniquindio.automation.steps.UsuarioSteps.servicioDisponible()&amp#27;[0m
  &amp#27;[32mDado &amp#27;[0m&amp#27;[32mque inicio sesión como admin&amp#27;[0m                                 &amp#27;[90m# com.uniquindio.automation.steps.UsuarioSteps.inicioSesionComoAdmin()&amp#27;[0m
  &amp#27;[32mCuando &amp#27;[0m&amp#27;[32mconsulto la lista de usuarios en la página &amp#27;[0m&amp#27;[32m&amp#27;[1m0&amp#27;[0m               &amp#27;[90m# com.uniquindio.automation.steps.UsuarioSteps.consultarListaUsuarios(int)&amp#27;[0m
  &amp#27;[32mEntonces &amp#27;[0m&amp#27;[32mla respuesta debe tener estado &amp#27;[0m&amp#27;[32m&amp#27;[1m200&amp#27;[0m                       &amp#27;[90m# com.uniquindio.automation.steps.UsuarioSteps.validarEstado(int)&amp#27;[0m
  &amp#27;[32mY &amp#27;[0m&amp#27;[32mel cuerpo debe contener una lista de usuarios&amp#27;[0m                   &amp#27;[90m# com.uniquindio.automation.steps.UsuarioSteps.cuerpoContieneListaUsuarios()&amp#27;[0m
  &amp#27;[32mY &amp#27;[0m&amp#27;[32mel cuerpo cumple el esquema &amp#27;[0m&amp#27;[32m&amp#27;[1m"schemas/usuarios_page.schema.json"&amp#27;[0m &amp#27;[90m# com.uniquindio.automation.steps.UsuarioSteps.cuerpoCumpleEsquema(java.lang.String)&amp#27;[0m
]]></system-out>
  </testcase>
  <testcase name="Eliminar un usuario con token de admin" classname="Gestión de usuarios (registro, login y administración)" time="0.07">
    <system-out><![CDATA[
@admin
Escenario: Eliminar un usuario con token de admin &amp#27;[90m# features/usuarios.feature:117&amp#27;[0m
  &amp#27;[32mDado &amp#27;[0m&amp#27;[32mque el servicio está disponible&amp#27;[0m            &amp#27;[90m# com.uniquindio.automation.steps.UsuarioSteps.servicioDisponible()&amp#27;[0m
  &amp#27;[32mDado &amp#27;[0m&amp#27;[32mque inicio sesión como admin&amp#27;[0m               &amp#27;[90m# com.uniquindio.automation.steps.UsuarioSteps.inicioSesionComoAdmin()&amp#27;[0m
  &amp#27;[32mY &amp#27;[0m&amp#27;[32mexiste un usuario registrado válido&amp#27;[0m           &amp#27;[90m# com.uniquindio.automation.steps.UsuarioSteps.existeUsuarioValidoAlias()&amp#27;[0m
  &amp#27;[32mCuando &amp#27;[0m&amp#27;[32melimino ese usuario&amp#27;[0m                      &amp#27;[90m# com.uniquindio.automation.steps.UsuarioSteps.eliminarEseUsuario()&amp#27;[0m
  &amp#27;[32mEntonces &amp#27;[0m&amp#27;[32mla respuesta debe tener estado &amp#27;[0m&amp#27;[32m&amp#27;[1m200&amp#27;[0m     &amp#27;[90m# com.uniquindio.automation.steps.UsuarioSteps.validarEstado(int)&amp#27;[0m
]]></system-out>
  </testcase>
  <testcase name="Eliminar un usuario sin token" classname="Gestión de usuarios (registro, login y administración)" time="0.038">
    <system-out><![CDATA[
@admin
Escenario: Eliminar un usuario sin token      &amp#27;[90m# features/usuarios.feature:136&amp#27;[0m
  &amp#27;[32mDado &amp#27;[0m&amp#27;[32mque el servicio está disponible&amp#27;[0m        &amp#27;[90m# com.uniquindio.automation.steps.UsuarioSteps.servicioDisponible()&amp#27;[0m
  &amp#27;[32mDado &amp#27;[0m&amp#27;[32mque no he iniciado sesion&amp#27;[0m              &amp#27;[90m# com.uniquindio.automation.steps.UsuarioSteps.noTengoToken()&amp#27;[0m
  &amp#27;[32mY &amp#27;[0m&amp#27;[32mexiste un usuario registrado válido&amp#27;[0m       &amp#27;[90m# com.uniquindio.automation.steps.UsuarioSteps.existeUsuarioValidoAlias()&amp#27;[0m
  &amp#27;[32mCuando &amp#27;[0m&amp#27;[32melimino ese usuario&amp#27;[0m                  &amp#27;[90m# com.uniquindio.automation.steps.UsuarioSteps.eliminarEseUsuario()&amp#27;[0m
  &amp#27;[32mEntonces &amp#27;[0m&amp#27;[32mla respuesta debe tener estado &amp#27;[0m&amp#27;[32m&amp#27;[1m401&amp#27;[0m &amp#27;[90m# com.uniquindio.automation.steps.UsuarioSteps.validarEstado(int)&amp#27;[0m
]]></system-out>
  </testcase>
  <testcase name="Eliminar un usuario con token inválido" classname="Gestión de usuarios (registro, login y administración)" time="0.033">
    <system-out><![CDATA[
@admin
Escenario: Eliminar un usuario con token inválido            &amp#27;[90m# features/usuarios.feature:148&amp#27;[0m
  &amp#27;[32mDado &amp#27;[0m&amp#27;[32mque el servicio está disponible&amp#27;[0m                       &amp#27;[90m# com.uniquindio.automation.steps.UsuarioSteps.servicioDisponible()&amp#27;[0m
  &amp#27;[32mDado &amp#27;[0m&amp#27;[32mque he inciado sesion como un usuario que no es admin&amp#27;[0m &amp#27;[90m# com.uniquindio.automation.steps.UsuarioSteps.noTengoTokenAdmin()&amp#27;[0m
  &amp#27;[32mY &amp#27;[0m&amp#27;[32mexiste un usuario registrado válido&amp#27;[0m                      &amp#27;[90m# com.uniquindio.automation.steps.UsuarioSteps.existeUsuarioValidoAlias()&amp#27;[0m
  &amp#27;[32mCuando &amp#27;[0m&amp#27;[32melimino ese usuario&amp#27;[0m                                 &amp#27;[90m# com.uniquindio.automation.steps.UsuarioSteps.eliminarEseUsuario()&amp#27;[0m
  &amp#27;[32mEntonces &amp#27;[0m&amp#27;[32mla respuesta debe tener estado &amp#27;[0m&amp#27;[32m&amp#27;[1m401&amp#27;[0m                &amp#27;[90m# com.uniquindio.automation.steps.UsuarioSteps.validarEstado(int)&amp#27;[0m
]]></system-out>
  </testcase>
  <testcase name="Eliminar un usuario que no existe" classname="Gestión de usuarios (registro, login y administración)" time="0.046">
    <system-out><![CDATA[
@admin
Escenario: Eliminar un usuario que no existe  &amp#27;[90m# features/usuarios.feature:160&amp#27;[0m
  &amp#27;[32mDado &amp#27;[0m&amp#27;[32mque el servicio está disponible&amp#27;[0m        &amp#27;[90m# com.uniquindio.automation.steps.UsuarioSteps.servicioDisponible()&amp#27;[0m
  &amp#27;[32mDado &amp#27;[0m&amp#27;[32mque inicio sesión como admin&amp#27;[0m           &amp#27;[90m# com.uniquindio.automation.steps.UsuarioSteps.inicioSesionComoAdmin()&amp#27;[0m
  &amp#27;[32mCuando &amp#27;[0m&amp#27;[32melimino un usuario que no existe&amp#27;[0m     &amp#27;[90m# com.uniquindio.automation.steps.UsuarioSteps.elimino_un_usuario_que_no_existe()&amp#27;[0m
  &amp#27;[32mEntonces &amp#27;[0m&amp#27;[32mla respuesta debe tener estado &amp#27;[0m&amp#27;[32m&amp#27;[1m404&amp#27;[0m &amp#27;[90m# com.uniquindio.automation.steps.UsuarioSteps.validarEstado(int)&amp#27;[0m
]]></system-out>
  </testcase>
  <testcase name="Listar usuarios sin token" classname="Gestión de usuarios (registro, login y administración)" time="0.023">
    <system-out><![CDATA[
@admin
Escenario: Listar usuarios sin token                  &amp#27;[90m# features/usuarios.feature:173&amp#27;[0m
  &amp#27;[32mDado &amp#27;[0m&amp#27;[32mque el servicio está disponible&amp#27;[0m                &amp#27;[90m# com.uniquindio.automation.steps.UsuarioSteps.servicioDisponible()&amp#27;[0m
  &amp#27;[32mDado &amp#27;[0m&amp#27;[32mque no he iniciado sesion&amp#27;[0m                      &amp#27;[90m# com.uniquindio.automation.steps.UsuarioSteps.noTengoToken()&amp#27;[0m
  &amp#27;[32mCuando &amp#27;[0m&amp#27;[32mconsulto la lista de usuarios en la página &amp#27;[0m&amp#27;[32m&amp#27;[1m0&amp#27;[0m &amp#27;[90m# com.uniquindio.automation.steps.UsuarioSteps.consultarListaUsuarios(int)&amp#27;[0m
  &amp#27;[32mEntonces &amp#27;[0m&amp#27;[32mla respuesta debe tener estado &amp#27;[0m&amp#27;[32m&amp#27;[1m401&amp#27;[0m         &amp#27;[90m# com.uniquindio.automation.steps.UsuarioSteps.validarEstado(int)&amp#27;[0m
]]></system-out>
  </testcase>
  <testcase name="Listar usuarios con token inválido" classname="Gestión de usuarios (registro, login y administración)" time="0.018">
    <system-out><![CDATA[
@admin
Escenario: Listar usuarios con token inválido                &amp#27;[90m# features/usuarios.feature:184&amp#27;[0m
  &amp#27;[32mDado &amp#27;[0m&amp#27;[32mque el servicio está disponible&amp#27;[0m                       &amp#27;[90m# com.uniquindio.automation.steps.UsuarioSteps.servicioDisponible()&amp#27;[0m
  &amp#27;[32mDado &amp#27;[0m&amp#27;[32mque he inciado sesion como un usuario que no es admin&amp#27;[0m &amp#27;[90m# com.uniquindio.automation.steps.UsuarioSteps.noTengoTokenAdmin()&amp#27;[0m
  &amp#27;[32mCuando &amp#27;[0m&amp#27;[32mconsulto la lista de usuarios en la página &amp#27;[0m&amp#27;[32m&amp#27;[1m0&amp#27;[0m        &amp#27;[90m# com.uniquindio.automation.steps.UsuarioSteps.consultarListaUsuarios(int)&amp#27;[0m
  &amp#27;[32mEntonces &amp#27;[0m&amp#27;[32mla respuesta debe tener estado &amp#27;[0m&amp#27;[32m&amp#27;[1m401&amp#27;[0m                &amp#27;[90m# com.uniquindio.automation.steps.UsuarioSteps.validarEstado(int)&amp#27;[0m
]]></system-out>
  </testcase>
  <testcase name="Listar usuarios con un numero de pagina invalido" classname="Gestión de usuarios (registro, login y administración)" time="0.043">
    <system-out><![CDATA[
@admin
Escenario: Listar usuarios con un numero de pagina invalido &amp#27;[90m# features/usuarios.feature:195&amp#27;[0m
  &amp#27;[32mDado &amp#27;[0m&amp#27;[32mque el servicio está disponible&amp#27;[0m                      &amp#27;[90m# com.uniquindio.automation.steps.UsuarioSteps.servicioDisponible()&amp#27;[0m
  &amp#27;[32mDado &amp#27;[0m&amp#27;[32mque inicio sesión como admin&amp#27;[0m                         &amp#27;[90m# com.uniquindio.automation.steps.UsuarioSteps.inicioSesionComoAdmin()&amp#27;[0m
  &amp#27;[32mCuando &amp#27;[0m&amp#27;[32mconsulto la lista de usuarios en la página &amp#27;[0m&amp#27;[32m&amp#27;[1m-1&amp#27;[0m      &amp#27;[90m# com.uniquindio.automation.steps.UsuarioSteps.consultarListaUsuarios(int)&amp#27;[0m
  &amp#27;[32mEntonces &amp#27;[0m&amp#27;[32mla respuesta debe tener estado &amp#27;[0m&amp#27;[32m&amp#27;[1m200&amp#27;[0m               &amp#27;[90m# com.uniquindio.automation.steps.UsuarioSteps.validarEstado(int)&amp#27;[0m
]]></system-out>
  </testcase>
</testsuite>