<?xml version="1.0" encoding="UTF-8"?>
<testsuite xmlns:xsi="http://www.w3.org/2001/XMLSchema-instance" xsi:noNamespaceSchemaLocation="https://maven.apache.org/surefire/maven-surefire-plugin/xsd/surefire-test-report-3.0.xsd" version="3.0" name="com.uniquindio.automation.runner.CucumberSistemaCompletoTest" time="3.624" tests="5" errors="0" skipped="0" failures="0">
  <properties>
[...]
</properties>
  <testcase name="Verificar que todos los microservicios tienen health checks operativos" classname="Sistema Completo Integrado - Observabilidad y Health Checks" time="1.072">
    <system-out><![CDATA[
Escenario: Verificar que todos los microservicios tienen health checks operativos &amp#27;[90m# features/sistema-completo.feature:13&amp#27;[0m
  &amp#27;[32mDado &amp#27;[0m&amp#27;[32mque el sistema está desplegado&amp#27;[0m                                             &amp#27;[90m# com.uniquindio.automation.steps.SistemaCompletoSteps.que_el_sistema_esta_desplegado()&amp#27;[0m
  &amp#27;[32mCuando &amp#27;[0m&amp#27;[32mconsulto el health check de cada microservicio&amp#27;[0m                           &amp#27;[90m# com.uniquindio.automation.steps.SistemaCompletoSteps.consulto_el_health_check_de_cada_microservicio()&amp#27;[0m
  &amp#27;[32mEntonces &amp#27;[0m&amp#27;[32mtodos los microservicios deben responder con status &amp#27;[0m&amp#27;[32m&amp#27;[1m"UP"&amp#27;[0m               &amp#27;[90m# com.uniquindio.automation.steps.SistemaCompletoSteps.todos_los_microservicios_deben_responder_con_status(java.lang.String)&amp#27;[0m
  &amp#27;[32mY &amp#27;[0m&amp#27;[32mcada respuesta debe incluir versión y uptime&amp#27;[0m                                  &amp#27;[90m# com.uniquindio.automation.steps.SistemaCompletoSteps.cada_respuesta_debe_incluir_version_y_uptime()&amp#27;[0m
]]></system-out>
  </testcase>
  <testcase name="Verificar que los microservicios están registrados en el sistema de monitoreo" classname="Sistema Completo Integrado - Observabilidad y Health Checks" time="0.035">
    <system-out><![CDATA[
Escenario: Verificar que los microservicios están registrados en el sistema de monitoreo &amp#27;[90m# features/sistema-completo.feature:20&amp#27;[0m
  &amp#27;[32mDado &amp#27;[0m&amp#27;[32mque el sistema de monitoreo está disponible&amp#27;[0m                                       &amp#27;[90m# com.uniquindio.automation.steps.SistemaCompletoSteps.que_el_sistema_de_monitoreo_esta_disponible()&amp#27;[0m
  &amp#27;[32mCuando &amp#27;[0m&amp#27;[32mconsulto el estado global de salud&amp#27;[0m                                              &amp#27;[90m# com.uniquindio.automation.steps.SistemaCompletoSteps.consulto_el_estado_global_de_salud()&amp#27;[0m
  &amp#27;[32mEntonces &amp#27;[0m&amp#27;[32mdebo ver todos los microservicios registrados&amp#27;[0m                                 &amp#27;[90m# com.uniquindio.automation.steps.SistemaCompletoSteps.debo_ver_todos_los_microservicios_registrados()&amp#27;[0m
  &amp#27;[32mY &amp#27;[0m&amp#27;[32mcada servicio debe tener un estado (UP, DOWN, o UNKNOWN)&amp#27;[0m                             &amp#27;[90m# com.uniquindio.automation.steps.SistemaCompletoSteps.cada_servicio_debe_tener_un_estado()&amp#27;[0m
]]></system-out>
  </testcase>
  <testcase name="Verificar que los logs se están enviando al sistema centralizado" classname="Sistema Completo Integrado - Observabilidad y Health Checks" time="2.02">
    <system-out><![CDATA[
Escenario: Verificar que los logs se están enviando al sistema centralizado &amp#27;[90m# features/sistema-completo.feature:27&amp#27;[0m
  &amp#27;[32mDado &amp#27;[0m&amp#27;[32mque un microservicio genera un log&amp#27;[0m                                   &amp#27;[90m# com.uniquindio.automation.steps.SistemaCompletoSteps.que_un_microservicio_genera_un_log()&amp#27;[0m
  &amp#27;[32mCuando &amp#27;[0m&amp#27;[32mconsulto el sistema de logs centralizado&amp#27;[0m                           &amp#27;[90m# com.uniquindio.automation.steps.SistemaCompletoSteps.consulto_el_sistema_de_logs_centralizado()&amp#27;[0m
  &amp#27;[32mEntonces &amp#27;[0m&amp#27;[32mdebo poder encontrar el log del microservicio&amp#27;[0m                    &amp#27;[90m# com.uniquindio.automation.steps.SistemaCompletoSteps.debo_poder_encontrar_el_log_del_microservicio()&amp#27;[0m
  &amp#27;[32mY &amp#27;[0m&amp#27;[32mel log debe contener información del servicio y nivel&amp#27;[0m                   &amp#27;[90m# com.uniquindio.automation.steps.SistemaCompletoSteps.el_log_debe_contener_informacion_del_servicio_y_nivel()&amp#27;[0m
]]></system-out>
  </testcase>
  <testcase name="Verificar que las notificaciones se envían cuando un servicio cae" classname="Sistema Completo Integrado - Observabilidad y Health Checks" time="0.011">
    <system-out><![CDATA[
Escenario: Verificar que las notificaciones se envían cuando un servicio cae &amp#27;[90m# features/sistema-completo.feature:34&amp#27;[0m
  &amp#27;[32mDado &amp#27;[0m&amp#27;[32mque un microservicio está registrado en el sistema de monitoreo&amp#27;[0m       &amp#27;[90m# com.uniquindio.automation.steps.SistemaCompletoSteps.que_un_microservicio_esta_registrado_en_el_sistema_de_monitoreo()&amp#27;[0m
  &amp#27;[32mCuando &amp#27;[0m&amp#27;[32mel microservicio deja de responder&amp#27;[0m                                  &amp#27;[90m# com.uniquindio.automation.steps.SistemaCompletoSteps.el_microservicio_deja_de_responder()&amp#27;[0m
  &amp#27;[32mEntonces &amp#27;[0m&amp#27;[32mel sistema de monitoreo debe detectar el fallo&amp#27;[0m                    &amp#27;[90m# com.uniquindio.automation.steps.SistemaCompletoSteps.el_sistema_de_monitoreo_debe_detectar_el_fallo()&amp#27;[0m
  &amp#27;[32mY &amp#27;[0m&amp#27;[32mdebe enviar una notificación a los emails configurados&amp#27;[0m                   &amp#27;[90m# com.uniquindio.automation.steps.SistemaCompletoSteps.debe_enviar_una_notificacion_a_los_emails_configurados()&amp#27;[0m
]]></system-out>
  </testcase>
  <testcase name="Verificar flujo completo de usuario con observabilidad" classname="Sistema Completo Integrado - Observabilidad y Health Checks" time="0.158">
    <system-out><![CDATA[
Escenario: Verificar flujo completo de usuario con observabilidad     &amp#27;[90m# features/sistema-completo.feature:41&amp#27;[0m
  &amp#27;[32mDado &amp#27;[0m&amp#27;[32mque un usuario se registra en el sistema&amp#27;[0m                       &amp#27;[90m# com.uniquindio.automation.steps.SistemaCompletoSteps.que_un_usuario_se_registra_en_el_sistema()&amp#27;[0m
  &amp#27;[32mCuando &amp#27;[0m&amp#27;[32mel usuario realiza operaciones&amp#27;[0m                               &amp#27;[90m# com.uniquindio.automation.steps.SistemaCompletoSteps.el_usuario_realiza_operaciones()&amp#27;[0m
  &amp#27;[32mEntonces &amp#27;[0m&amp#27;[32mlos logs deben registrarse en el sistema centralizado&amp#27;[0m      &amp#27;[90m# com.uniquindio.automation.steps.SistemaCompletoSteps.los_logs_deben_registrarse_en_el_sistema_centralizado()&amp#27;[0m
  &amp#27;[32mY &amp#27;[0m&amp#27;[32mel sistema de monitoreo debe reportar todos los servicios como UP&amp#27;[0m &amp#27;[90m# com.uniquindio.automation.steps.SistemaCompletoSteps.el_sistema_de_monitoreo_debe_reportar_todos_los_servicios_como_UP()&amp#27;[0m
  &amp#27;[32mY &amp#27;[0m&amp#27;[32mlos health checks deben mostrar información correcta&amp#27;[0m              &amp#27;[90m# com.uniquindio.automation.steps.SistemaCompletoSteps.los_health_checks_deben_mostrar_informacion_correcta()&amp#27;[0m
]]></system-out>
  </testcase>
</testsuite>